<?xml version="1.0" encoding="UTF-8"?>
<testng-results ignored="0" total="1" passed="1" failed="0" skipped="0">
  <reporter-output>
  </reporter-output>
  <suite started-at="2024-11-08T14:26:53 IST" name="Default suite" finished-at="2024-11-08T14:27:08 IST" duration-ms="15402">
    <groups>
    </groups>
    <test started-at="2024-11-08T14:26:53 IST" name="Default test" finished-at="2024-11-08T14:27:08 IST" duration-ms="15402">
      <class name="testClasses.LoginTest">
        <test-method is-config="true" signature="opentheBrowser()[pri:0, instance:testClasses.LoginTest@5e600dd5]" started-at="2024-11-08T14:26:53 IST" name="opentheBrowser" finished-at="2024-11-08T14:27:02 IST" duration-ms="9233" status="PASS">
          <reporter-output>
          </reporter-output>
        </test-method> <!-- opentheBrowser -->
        <test-method is-config="true" signature="beforeMethod()[pri:0, instance:testClasses.LoginTest@5e600dd5]" started-at="2024-11-08T14:27:02 IST" name="beforeMethod" finished-at="2024-11-08T14:27:03 IST" duration-ms="1235" status="PASS">
          <reporter-output>
          </reporter-output>
        </test-method> <!-- beforeMethod -->
        <test-method signature="VerifyLogin()[pri:0, instance:testClasses.LoginTest@5e600dd5]" started-at="2024-11-08T14:27:03 IST" name="VerifyLogin" finished-at="2024-11-08T14:27:08 IST" duration-ms="4686" status="PASS">
          <reporter-output>
          </reporter-output>
        </test-method> <!-- VerifyLogin -->
        <test-method is-config="true" signature="closetheBrowser()[pri:0, instance:testClasses.LoginTest@5e600dd5]" started-at="2024-11-08T14:27:08 IST" name="closetheBrowser" finished-at="2024-11-08T14:27:08 IST" duration-ms="187" status="PASS">
          <reporter-output>
          </reporter-output>
        </test-method> <!-- closetheBrowser -->
      </class> <!-- testClasses.LoginTest -->
    </test> <!-- Default test -->
  </suite> <!-- Default suite -->
</testng-results>
